
"C:/lscc/radiant/2024.1/tcltk/windows/bin/tclsh" "VGA_Controller_impl_1_synthesize.tcl"

cpe -syn lse -f VGA_Controller_impl_1.cprj mypll.cprj -a iCE40UP -o VGA_Controller_impl_1_cpe.ldc
WARNING <35831026> - No user LDC/SDC file specified in the project.
WARNING <35935050> - input port TRIM9 is not connected on this instance. VDB-5050
WARNING <35935050> - input port TRIM8 is not connected on this instance. VDB-5050
WARNING <35935050> - input port TRIM7 is not connected on this instance. VDB-5050
WARNING <35935050> - input port TRIM6 is not connected on this instance. VDB-5050
WARNING <35935050> - input port TRIM5 is not connected on this instance. VDB-5050
WARNING <35935050> - input port TRIM4 is not connected on this instance. VDB-5050
WARNING <35935050> - input port TRIM3 is not connected on this instance. VDB-5050
WARNING <35935050> - input port TRIM2 is not connected on this instance. VDB-5050
WARNING <35935050> - input port TRIM1 is not connected on this instance. VDB-5050
WARNING <35935050> - input port TRIM0 is not connected on this instance. VDB-5050
WARNING <35935050> - input port I is not connected on this instance. VDB-5050
Top module name (Verilog): mypll
INFO <35901018> - C:/Users/jonekath/my_designs/VGA_Controller/mypll/rtl/mypll.v(11): compiling module mypll. VERI-1018
INFO <35901018> - C:/Users/jonekath/my_designs/VGA_Controller/mypll/rtl/mypll.v(105): compiling module mypll_ipgen_lscc_pll(DIVR=&quot;0&quot;,DIVF=&quot;66&quot;,DIVQ=&quot;5&quot;,FILTER_RANGE=&quot;1&quot;,PLLOUT_SELECT_PORTA=&quot;GENCLK&quot;,PLLOUT_SELECT_PORTB=&quot;GENCLK&quot;,FREQUENCY_PIN_REFERENCECLK=&quot;12.000000&quot;). VERI-1018
INFO <35901018> - C:/lscc/radiant/2024.1/ispfpga/../cae_library/synthesis/verilog/iCE40UP.v(428): compiling module PLL_B(PLLOUT_SELECT_PORTA=&quot;GENCLK&quot;,PLLOUT_SELECT_PORTB=&quot;GENCLK&quot;,DIVF=&quot;66&quot;,DIVQ=&quot;5&quot;,FILTER_RANGE=&quot;1&quot;,FREQUENCY_PIN_REFERENCECLK=&quot;12.000000&quot;). VERI-1018
WARNING <35935049> - input port sclk_i remains unconnected for this instance. VDB-5049
WARNING <35935049> - input port sdi_i remains unconnected for this instance. VDB-5049
Last elaborated design is mypll()
Source compile complete.
INFO <35831038> - Setting top as top module.
WARNING <35935050> - input port TRIM9 is not connected on this instance. VDB-5050
WARNING <35935050> - input port TRIM8 is not connected on this instance. VDB-5050
WARNING <35935050> - input port TRIM7 is not connected on this instance. VDB-5050
WARNING <35935050> - input port TRIM6 is not connected on this instance. VDB-5050
WARNING <35935050> - input port TRIM5 is not connected on this instance. VDB-5050
WARNING <35935050> - input port TRIM4 is not connected on this instance. VDB-5050
WARNING <35935050> - input port TRIM3 is not connected on this instance. VDB-5050
WARNING <35935050> - input port TRIM2 is not connected on this instance. VDB-5050
WARNING <35935050> - input port TRIM1 is not connected on this instance. VDB-5050
WARNING <35935050> - input port TRIM0 is not connected on this instance. VDB-5050
WARNING <35935050> - input port I is not connected on this instance. VDB-5050
Analyzing Verilog file c:/lscc/radiant/2024.1/ip/pmi/pmi_ice40up.v. VERI-1482
Analyzing Verilog file mypll.v. VERI-1482
Top module language type = VHDL.
INFO <35901018> - mypll.v(63): compiling module mypll. VERI-1018
Top module name (VHDL, mixed language): top
Source compile complete.
SDC Initialization for top finished.
SDC Distribution for top finished.
Starting IP constraint check for mypll.
Writing output files.
CPE Completed. VGA_Controller_impl_1_cpe.ldc and CPEReport.txt produced.



synthesis -f VGA_Controller_impl_1_lattice.synproj -logfile VGA_Controller_impl_1_lattice.srp
synthesis:  version Radiant Software (64-bit) 2024.1.0.34.2

Copyright (c) 1991-1994 by NeoCAD Inc. All rights reserved.
Copyright (c) 1995 AT&T Corp.   All rights reserved.
Copyright (c) 1995-2001 Lucent Technologies Inc.  All rights reserved.
Copyright (c) 2001 Agere Systems   All rights reserved.
Copyright (c) 2002-2024 Lattice Semiconductor Corporation,  All rights reserved.
Mon Dec  9 13:58:21 2024


Command Line:  C:\lscc\radiant\2024.1\ispfpga\bin\nt64\synthesis.exe -f VGA_Controller_impl_1_lattice.synproj -logfile VGA_Controller_impl_1_lattice.srp -gui -msgset C:/Users/jonekath/my_designs/VGA_Controller/promote.xml 

INFO <35002000> - synthesis: Lattice Synthesis Engine Launched.
Synthesis options:
The -a option is iCE40UP.
The -t option is SG48.
The -sp option is High-Performance_1.2V.
The -p option is iCE40UP5K.
                                                          


##########################################################


### Lattice Family     : iCE40UP


### Device             : iCE40UP5K


### Package            : SG48


### Performance Grade  : High-Performance_1.2V


                                                         


INFO <35001786> - User-Selected Strategy Settings
Optimization goal = Area
Top-level module name = top.
Target frequency = 200.000000 MHz.
Maximum fanout = 1000.
Timing path count = 3 (default)
RWCheckOnRam = 0

BRAM utilization = 100.000000 %
DSP usage = true
DSP utilization = 100.000000 %
fsm_encoding_style = auto
resolve_mixed_drivers = 0
fix_gated_clocks = 1


Mux style = auto (Default)
Use Carry Chain = true
carry_chain_length = 0
Loop Limit = 1950.
Use IO Insertion = TRUE
Use IO Reg = AUTO

Resource Sharing = TRUE
Propagate Constants = TRUE
Remove Duplicate Registers = TRUE
Output HDL file name = VGA_Controller_impl_1.vm.
ROM style = auto
RAM style = auto
The -comp option is FALSE.
The -syn option is FALSE.
-sdc option: SDC file input is VGA_Controller_impl_1_cpe.ldc.
-vh2008

-path C:/Users/jonekath/my_designs/VGA_Controller (searchpath added)
-path C:/Users/jonekath/my_designs/VGA_Controller/impl_1 (searchpath added)
-path C:/Users/jonekath/my_designs/VGA_Controller/mypll (searchpath added)
-path C:/lscc/radiant/2024.1/ispfpga/ice40tp/data (searchpath added)
Mixed language design
Verilog design file = C:/lscc/radiant/2024.1/ip/pmi/pmi_iCE40UP.v
Verilog design file = C:/Users/jonekath/my_designs/VGA_Controller/mypll/rtl/mypll.v
VHDL library = pmi
VHDL design file = C:/lscc/radiant/2024.1/ip/pmi/pmi_iCE40UP.vhd
VHDL library = work
VHDL design file = C:/Users/jonekath/my_designs/VGA_Controller/source/impl_1/top.vhd
VHDL library = work
VHDL design file = C:/Users/jonekath/my_designs/VGA_Controller/source/impl_1/vga.vhd
VHDL library = work
VHDL design file = C:/Users/jonekath/my_designs/VGA_Controller/source/impl_1/pattern_gen.vhd
VHDL library = work
VHDL design file = C:/Users/jonekath/my_designs/VGA_Controller/source/impl_1/FSM.vhd
VHDL library = work
VHDL design file = C:/Users/jonekath/my_designs/VGA_Controller/source/impl_1/ROM.vhd
VHDL library = work
VHDL design file = C:/Users/jonekath/my_designs/VGA_Controller/source/impl_1/pattern_gen2.vhd
VHDL library = work
VHDL design file = C:/Users/jonekath/my_designs/VGA_Controller/source/impl_1/arrows_on2008.vhd
VHDL library = work
VHDL design file = C:/Users/jonekath/my_designs/VGA_Controller/source/impl_1/big_start_rom.vhd
VHDL library = work
VHDL design file = C:/Users/jonekath/my_designs/VGA_Controller/source/impl_1/dig0_rom.vhd
VHDL library = work
VHDL design file = C:/Users/jonekath/my_designs/VGA_Controller/source/impl_1/dig1_rom.vhd
VHDL library = work
VHDL design file = C:/Users/jonekath/my_designs/VGA_Controller/source/impl_1/dig2_rom.vhd
VHDL library = work
VHDL design file = C:/Users/jonekath/my_designs/VGA_Controller/source/impl_1/dig3_rom.vhd
VHDL library = work
VHDL design file = C:/Users/jonekath/my_designs/VGA_Controller/source/impl_1/dig4_rom.vhd
VHDL library = work
VHDL design file = C:/Users/jonekath/my_designs/VGA_Controller/source/impl_1/dig5_rom.vhd
VHDL library = work
VHDL design file = C:/Users/jonekath/my_designs/VGA_Controller/source/impl_1/dig6_rom.vhd
VHDL library = work
VHDL design file = C:/Users/jonekath/my_designs/VGA_Controller/source/impl_1/dig7_rom.vhd
VHDL library = work
VHDL design file = C:/Users/jonekath/my_designs/VGA_Controller/source/impl_1/dig8_rom.vhd
VHDL library = work
VHDL design file = C:/Users/jonekath/my_designs/VGA_Controller/source/impl_1/dig9_rom.vhd
VHDL library = work
VHDL design file = C:/Users/jonekath/my_designs/VGA_Controller/source/impl_1/down_arr_rom.vhd
VHDL library = work
VHDL design file = C:/Users/jonekath/my_designs/VGA_Controller/source/impl_1/down_out.vhd
VHDL library = work
VHDL design file = C:/Users/jonekath/my_designs/VGA_Controller/source/impl_1/endscreen.vhd
VHDL library = work
VHDL design file = C:/Users/jonekath/my_designs/VGA_Controller/source/impl_1/hit_detect.vhd
VHDL library = work
VHDL design file = C:/Users/jonekath/my_designs/VGA_Controller/source/impl_1/left_arr_rom.vhd
VHDL library = work
VHDL design file = C:/Users/jonekath/my_designs/VGA_Controller/source/impl_1/left_out.vhd
VHDL library = work
VHDL design file = C:/Users/jonekath/my_designs/VGA_Controller/source/impl_1/NESControllers.vhd
VHDL library = work
VHDL design file = C:/Users/jonekath/my_designs/VGA_Controller/source/impl_1/playerp_rom.vhd
VHDL library = work
VHDL design file = C:/Users/jonekath/my_designs/VGA_Controller/source/impl_1/right_arr_rom.vhd
VHDL library = work
VHDL design file = C:/Users/jonekath/my_designs/VGA_Controller/source/impl_1/right_out.vhd
VHDL library = work
VHDL design file = C:/Users/jonekath/my_designs/VGA_Controller/source/impl_1/score_rom.vhd
VHDL library = work
VHDL design file = C:/Users/jonekath/my_designs/VGA_Controller/source/impl_1/scoreword_rom.vhd
VHDL library = work
VHDL design file = C:/Users/jonekath/my_designs/VGA_Controller/source/impl_1/start_screen.vhd
VHDL library = work
VHDL design file = C:/Users/jonekath/my_designs/VGA_Controller/source/impl_1/top_arr_rom.vhd
VHDL library = work
VHDL design file = C:/Users/jonekath/my_designs/VGA_Controller/source/impl_1/top_out.vhd
The -r option is OFF. [ Remove LOC Properties is OFF. ]
WARNING <35935050> - input port TRIM9 is not connected on this instance. VDB-5050
WARNING <35935050> - input port TRIM8 is not connected on this instance. VDB-5050
WARNING <35935050> - input port TRIM7 is not connected on this instance. VDB-5050
WARNING <35935050> - input port TRIM6 is not connected on this instance. VDB-5050
WARNING <35935050> - input port TRIM5 is not connected on this instance. VDB-5050
WARNING <35935050> - input port TRIM4 is not connected on this instance. VDB-5050
WARNING <35935050> - input port TRIM3 is not connected on this instance. VDB-5050
WARNING <35935050> - input port TRIM2 is not connected on this instance. VDB-5050
WARNING <35935050> - input port TRIM1 is not connected on this instance. VDB-5050
WARNING <35935050> - input port TRIM0 is not connected on this instance. VDB-5050
WARNING <35935050> - input port I is not connected on this instance. VDB-5050
Compile design.
Compile Design Begin
Analyzing Verilog file c:/lscc/radiant/2024.1/ip/pmi/pmi_ice40up.v. VERI-1482
INFO <35901328> - c:/lscc/radiant/2024.1/ip/pmi/pmi_ice40up.v(1): analyzing included file c:/lscc/radiant/2024.1/ip/pmi/pmi_addsub.v. VERI-1328
INFO <35901328> - c:/lscc/radiant/2024.1/ip/pmi/pmi_addsub.v(40): analyzing included file c:/lscc/radiant/2024.1/ip/pmi/../common/adder_subtractor/rtl/lscc_add_sub.v. VERI-1328
INFO <35901328> - c:/lscc/radiant/2024.1/ip/pmi/pmi_ice40up.v(2): analyzing included file c:/lscc/radiant/2024.1/ip/pmi/pmi_add.v. VERI-1328
INFO <35901328> - c:/lscc/radiant/2024.1/ip/pmi/pmi_add.v(50): analyzing included file c:/lscc/radiant/2024.1/ip/pmi/../common/adder/rtl/lscc_adder.v. VERI-1328
INFO <35901328> - c:/lscc/radiant/2024.1/ip/pmi/pmi_ice40up.v(3): analyzing included file c:/lscc/radiant/2024.1/ip/pmi/pmi_complex_mult.v. VERI-1328
INFO <35901328> - c:/lscc/radiant/2024.1/ip/pmi/pmi_complex_mult.v(52): analyzing included file c:/lscc/radiant/2024.1/ip/pmi/../common/complex_mult/rtl/lscc_complex_mult.v. VERI-1328
INFO <35901328> - c:/lscc/radiant/2024.1/ip/pmi/pmi_ice40up.v(4): analyzing included file c:/lscc/radiant/2024.1/ip/pmi/pmi_counter.v. VERI-1328
INFO <35901328> - c:/lscc/radiant/2024.1/ip/pmi/pmi_counter.v(39): analyzing included file c:/lscc/radiant/2024.1/ip/pmi/../common/counter/rtl/lscc_cntr.v. VERI-1328
INFO <35901328> - c:/lscc/radiant/2024.1/ip/pmi/pmi_ice40up.v(5): analyzing included file c:/lscc/radiant/2024.1/ip/pmi/pmi_fifo.v. VERI-1328
INFO <35901328> - c:/lscc/radiant/2024.1/ip/pmi/pmi_fifo.v(44): analyzing included file c:/lscc/radiant/2024.1/ip/pmi/../common/fifo/rtl/lscc_fifo.v. VERI-1328
INFO <35901328> - c:/lscc/radiant/2024.1/ip/pmi/pmi_ice40up.v(6): analyzing included file c:/lscc/radiant/2024.1/ip/pmi/pmi_fifo_dc.v. VERI-1328
INFO <35901328> - c:/lscc/radiant/2024.1/ip/pmi/pmi_fifo_dc.v(47): analyzing included file c:/lscc/radiant/2024.1/ip/pmi/../common/fifo_dc/rtl/lscc_fifo_dc.v. VERI-1328
INFO <35901328> - c:/lscc/radiant/2024.1/ip/pmi/pmi_ice40up.v(7): analyzing included file c:/lscc/radiant/2024.1/ip/pmi/pmi_mac.v. VERI-1328
INFO <35901328> - c:/lscc/radiant/2024.1/ip/pmi/pmi_mac.v(52): analyzing included file c:/lscc/radiant/2024.1/ip/pmi/../common/mult_accumulate/rtl/lscc_mult_accumulate.v. VERI-1328
INFO <35901328> - c:/lscc/radiant/2024.1/ip/pmi/pmi_ice40up.v(8): analyzing included file c:/lscc/radiant/2024.1/ip/pmi/pmi_multaddsubsum.v. VERI-1328
INFO <35901328> - c:/lscc/radiant/2024.1/ip/pmi/pmi_multaddsubsum.v(53): analyzing included file c:/lscc/radiant/2024.1/ip/pmi/../common/mult_add_sub_sum/rtl/lscc_mult_add_sub_sum.v. VERI-1328
INFO <35901328> - c:/lscc/radiant/2024.1/ip/pmi/pmi_ice40up.v(9): analyzing included file c:/lscc/radiant/2024.1/ip/pmi/pmi_multaddsub.v. VERI-1328
INFO <35901328> - c:/lscc/radiant/2024.1/ip/pmi/pmi_multaddsub.v(52): analyzing included file c:/lscc/radiant/2024.1/ip/pmi/../common/mult_add_sub/rtl/lscc_mult_add_sub.v. VERI-1328
INFO <35901328> - c:/lscc/radiant/2024.1/ip/pmi/pmi_ice40up.v(10): analyzing included file c:/lscc/radiant/2024.1/ip/pmi/pmi_mult.v. VERI-1328
INFO <35901328> - c:/lscc/radiant/2024.1/ip/pmi/pmi_mult.v(51): analyzing included file c:/lscc/radiant/2024.1/ip/pmi/../common/multiplier/rtl/lscc_multiplier.v. VERI-1328
INFO <35901328> - c:/lscc/radiant/2024.1/ip/pmi/pmi_ice40up.v(11): analyzing included file c:/lscc/radiant/2024.1/ip/pmi/pmi_ram_dp.v. VERI-1328
INFO <35901328> - c:/lscc/radiant/2024.1/ip/pmi/pmi_ram_dp.v(48): analyzing included file c:/lscc/radiant/2024.1/ip/pmi/../common/ram_dp/rtl/lscc_ram_dp.v. VERI-1328
INFO <35901328> - c:/lscc/radiant/2024.1/ip/pmi/pmi_ice40up.v(12): analyzing included file c:/lscc/radiant/2024.1/ip/pmi/pmi_ram_dq.v. VERI-1328
INFO <35901328> - c:/lscc/radiant/2024.1/ip/pmi/pmi_ram_dq.v(45): analyzing included file c:/lscc/radiant/2024.1/ip/pmi/../common/ram_dq/rtl/lscc_ram_dq.v. VERI-1328
INFO <35901328> - c:/lscc/radiant/2024.1/ip/pmi/pmi_ice40up.v(13): analyzing included file c:/lscc/radiant/2024.1/ip/pmi/pmi_rom.v. VERI-1328
INFO <35901328> - c:/lscc/radiant/2024.1/ip/pmi/pmi_rom.v(45): analyzing included file c:/lscc/radiant/2024.1/ip/pmi/../common/rom/rtl/lscc_rom.v. VERI-1328
INFO <35901328> - c:/lscc/radiant/2024.1/ip/pmi/pmi_ice40up.v(14): analyzing included file c:/lscc/radiant/2024.1/ip/pmi/pmi_sub.v. VERI-1328
INFO <35901328> - c:/lscc/radiant/2024.1/ip/pmi/pmi_sub.v(50): analyzing included file c:/lscc/radiant/2024.1/ip/pmi/../common/subtractor/rtl/lscc_subtractor.v. VERI-1328
INFO <35901328> - c:/lscc/radiant/2024.1/ip/pmi/pmi_ice40up.v(15): analyzing included file c:/lscc/radiant/2024.1/ip/pmi/pmi_ram_dp_be.v. VERI-1328
INFO <35901328> - c:/lscc/radiant/2024.1/ip/pmi/pmi_ram_dp_be.v(49): analyzing included file c:/lscc/radiant/2024.1/ip/pmi/../common/ram_dp/rtl/lscc_ram_dp.v. VERI-1328
INFO <35901328> - c:/lscc/radiant/2024.1/ip/pmi/pmi_ice40up.v(16): analyzing included file c:/lscc/radiant/2024.1/ip/pmi/pmi_ram_dq_be.v. VERI-1328
INFO <35901328> - c:/lscc/radiant/2024.1/ip/pmi/pmi_ram_dq_be.v(45): analyzing included file c:/lscc/radiant/2024.1/ip/pmi/../common/ram_dq/rtl/lscc_ram_dq.v. VERI-1328
INFO <35901328> - c:/lscc/radiant/2024.1/ip/pmi/pmi_ice40up.v(17): analyzing included file c:/lscc/radiant/2024.1/ip/pmi/pmi_dsp.v. VERI-1328
Analyzing Verilog file c:/users/jonekath/my_designs/vga_controller/mypll/rtl/mypll.v. VERI-1482
Analyzing VHDL file c:/lscc/radiant/2024.1/ip/pmi/pmi_ice40up.vhd. VHDL-1481
Analyzing VHDL file c:/lscc/radiant/2024.1/ip/pmi/pmi_ice40up.vhd

INFO <35921014> - c:/lscc/radiant/2024.1/ip/pmi/pmi_ice40up.vhd(4): analyzing package components. VHDL-1014
Analyzing VHDL file c:/users/jonekath/my_designs/vga_controller/source/impl_1/top.vhd. VHDL-1481
Analyzing VHDL file c:/users/jonekath/my_designs/vga_controller/source/impl_1/top.vhd

INFO <35921012> - c:/users/jonekath/my_designs/vga_controller/source/impl_1/top.vhd(5): analyzing entity top. VHDL-1012
INFO <35921010> - c:/users/jonekath/my_designs/vga_controller/source/impl_1/top.vhd(20): analyzing architecture synth. VHDL-1010
Analyzing VHDL file c:/users/jonekath/my_designs/vga_controller/source/impl_1/vga.vhd. VHDL-1481
Analyzing VHDL file c:/users/jonekath/my_designs/vga_controller/source/impl_1/vga.vhd

INFO <35921012> - c:/users/jonekath/my_designs/vga_controller/source/impl_1/vga.vhd(5): analyzing entity vga. VHDL-1012
INFO <35921010> - c:/users/jonekath/my_designs/vga_controller/source/impl_1/vga.vhd(16): analyzing architecture synth. VHDL-1010
Analyzing VHDL file c:/users/jonekath/my_designs/vga_controller/source/impl_1/pattern_gen.vhd. VHDL-1481
Analyzing VHDL file c:/users/jonekath/my_designs/vga_controller/source/impl_1/pattern_gen.vhd

Analyzing VHDL file c:/users/jonekath/my_designs/vga_controller/source/impl_1/fsm.vhd. VHDL-1481
Analyzing VHDL file c:/users/jonekath/my_designs/vga_controller/source/impl_1/fsm.vhd

INFO <35921012> - c:/users/jonekath/my_designs/vga_controller/source/impl_1/fsm.vhd(5): analyzing entity fsm. VHDL-1012
INFO <35921010> - c:/users/jonekath/my_designs/vga_controller/source/impl_1/fsm.vhd(17): analyzing architecture synth. VHDL-1010
Analyzing VHDL file c:/users/jonekath/my_designs/vga_controller/source/impl_1/rom.vhd. VHDL-1481
Analyzing VHDL file c:/users/jonekath/my_designs/vga_controller/source/impl_1/rom.vhd

Analyzing VHDL file c:/users/jonekath/my_designs/vga_controller/source/impl_1/pattern_gen2.vhd. VHDL-1481
Analyzing VHDL file c:/users/jonekath/my_designs/vga_controller/source/impl_1/pattern_gen2.vhd

INFO <35921012> - c:/users/jonekath/my_designs/vga_controller/source/impl_1/pattern_gen2.vhd(5): analyzing entity pattern_gen. VHDL-1012
INFO <35921010> - c:/users/jonekath/my_designs/vga_controller/source/impl_1/pattern_gen2.vhd(25): analyzing architecture synth. VHDL-1010
Analyzing VHDL file c:/users/jonekath/my_designs/vga_controller/source/impl_1/arrows_on2008.vhd. VHDL-1481
Analyzing VHDL file c:/users/jonekath/my_designs/vga_controller/source/impl_1/arrows_on2008.vhd

INFO <35921012> - c:/users/jonekath/my_designs/vga_controller/source/impl_1/arrows_on2008.vhd(7): analyzing entity arrows. VHDL-1012
INFO <35921010> - c:/users/jonekath/my_designs/vga_controller/source/impl_1/arrows_on2008.vhd(18): analyzing architecture synth. VHDL-1010
Analyzing VHDL file c:/users/jonekath/my_designs/vga_controller/source/impl_1/big_start_rom.vhd. VHDL-1481
Analyzing VHDL file c:/users/jonekath/my_designs/vga_controller/source/impl_1/big_start_rom.vhd

INFO <35921012> - c:/users/jonekath/my_designs/vga_controller/source/impl_1/big_start_rom.vhd(5): analyzing entity rom. VHDL-1012
INFO <35921010> - c:/users/jonekath/my_designs/vga_controller/source/impl_1/big_start_rom.vhd(14): analyzing architecture sim. VHDL-1010
Analyzing VHDL file c:/users/jonekath/my_designs/vga_controller/source/impl_1/dig0_rom.vhd. VHDL-1481
Analyzing VHDL file c:/users/jonekath/my_designs/vga_controller/source/impl_1/dig0_rom.vhd

INFO <35921012> - c:/users/jonekath/my_designs/vga_controller/source/impl_1/dig0_rom.vhd(5): analyzing entity num0_disp. VHDL-1012
INFO <35921010> - c:/users/jonekath/my_designs/vga_controller/source/impl_1/dig0_rom.vhd(14): analyzing architecture sim. VHDL-1010
Analyzing VHDL file c:/users/jonekath/my_designs/vga_controller/source/impl_1/dig1_rom.vhd. VHDL-1481
Analyzing VHDL file c:/users/jonekath/my_designs/vga_controller/source/impl_1/dig1_rom.vhd

INFO <35921012> - c:/users/jonekath/my_designs/vga_controller/source/impl_1/dig1_rom.vhd(5): analyzing entity num1_disp. VHDL-1012
INFO <35921010> - c:/users/jonekath/my_designs/vga_controller/source/impl_1/dig1_rom.vhd(14): analyzing architecture sim. VHDL-1010
Analyzing VHDL file c:/users/jonekath/my_designs/vga_controller/source/impl_1/dig2_rom.vhd. VHDL-1481
Analyzing VHDL file c:/users/jonekath/my_designs/vga_controller/source/impl_1/dig2_rom.vhd

INFO <35921012> - c:/users/jonekath/my_designs/vga_controller/source/impl_1/dig2_rom.vhd(5): analyzing entity num2_disp. VHDL-1012
INFO <35921010> - c:/users/jonekath/my_designs/vga_controller/source/impl_1/dig2_rom.vhd(14): analyzing architecture sim. VHDL-1010
Analyzing VHDL file c:/users/jonekath/my_designs/vga_controller/source/impl_1/dig3_rom.vhd. VHDL-1481
Analyzing VHDL file c:/users/jonekath/my_designs/vga_controller/source/impl_1/dig3_rom.vhd

INFO <35921012> - c:/users/jonekath/my_designs/vga_controller/source/impl_1/dig3_rom.vhd(5): analyzing entity num3_disp. VHDL-1012
INFO <35921010> - c:/users/jonekath/my_designs/vga_controller/source/impl_1/dig3_rom.vhd(14): analyzing architecture sim. VHDL-1010
Analyzing VHDL file c:/users/jonekath/my_designs/vga_controller/source/impl_1/dig4_rom.vhd. VHDL-1481
Analyzing VHDL file c:/users/jonekath/my_designs/vga_controller/source/impl_1/dig4_rom.vhd

INFO <35921012> - c:/users/jonekath/my_designs/vga_controller/source/impl_1/dig4_rom.vhd(5): analyzing entity num4_disp. VHDL-1012
INFO <35921010> - c:/users/jonekath/my_designs/vga_controller/source/impl_1/dig4_rom.vhd(14): analyzing architecture sim. VHDL-1010
Analyzing VHDL file c:/users/jonekath/my_designs/vga_controller/source/impl_1/dig5_rom.vhd. VHDL-1481
Analyzing VHDL file c:/users/jonekath/my_designs/vga_controller/source/impl_1/dig5_rom.vhd

INFO <35921012> - c:/users/jonekath/my_designs/vga_controller/source/impl_1/dig5_rom.vhd(5): analyzing entity num5_disp. VHDL-1012
INFO <35921010> - c:/users/jonekath/my_designs/vga_controller/source/impl_1/dig5_rom.vhd(14): analyzing architecture sim. VHDL-1010
Analyzing VHDL file c:/users/jonekath/my_designs/vga_controller/source/impl_1/dig6_rom.vhd. VHDL-1481
Analyzing VHDL file c:/users/jonekath/my_designs/vga_controller/source/impl_1/dig6_rom.vhd

INFO <35921012> - c:/users/jonekath/my_designs/vga_controller/source/impl_1/dig6_rom.vhd(5): analyzing entity num6_disp. VHDL-1012
INFO <35921010> - c:/users/jonekath/my_designs/vga_controller/source/impl_1/dig6_rom.vhd(14): analyzing architecture sim. VHDL-1010
Analyzing VHDL file c:/users/jonekath/my_designs/vga_controller/source/impl_1/dig7_rom.vhd. VHDL-1481
Analyzing VHDL file c:/users/jonekath/my_designs/vga_controller/source/impl_1/dig7_rom.vhd

INFO <35921012> - c:/users/jonekath/my_designs/vga_controller/source/impl_1/dig7_rom.vhd(5): analyzing entity num7_disp. VHDL-1012
INFO <35921010> - c:/users/jonekath/my_designs/vga_controller/source/impl_1/dig7_rom.vhd(14): analyzing architecture sim. VHDL-1010
Analyzing VHDL file c:/users/jonekath/my_designs/vga_controller/source/impl_1/dig8_rom.vhd. VHDL-1481
Analyzing VHDL file c:/users/jonekath/my_designs/vga_controller/source/impl_1/dig8_rom.vhd

INFO <35921012> - c:/users/jonekath/my_designs/vga_controller/source/impl_1/dig8_rom.vhd(5): analyzing entity num8_disp. VHDL-1012
INFO <35921010> - c:/users/jonekath/my_designs/vga_controller/source/impl_1/dig8_rom.vhd(14): analyzing architecture sim. VHDL-1010
Analyzing VHDL file c:/users/jonekath/my_designs/vga_controller/source/impl_1/dig9_rom.vhd. VHDL-1481
Analyzing VHDL file c:/users/jonekath/my_designs/vga_controller/source/impl_1/dig9_rom.vhd

INFO <35921012> - c:/users/jonekath/my_designs/vga_controller/source/impl_1/dig9_rom.vhd(5): analyzing entity num9_disp. VHDL-1012
INFO <35921010> - c:/users/jonekath/my_designs/vga_controller/source/impl_1/dig9_rom.vhd(14): analyzing architecture sim. VHDL-1010
Analyzing VHDL file c:/users/jonekath/my_designs/vga_controller/source/impl_1/down_arr_rom.vhd. VHDL-1481
Analyzing VHDL file c:/users/jonekath/my_designs/vga_controller/source/impl_1/down_arr_rom.vhd

INFO <35921012> - c:/users/jonekath/my_designs/vga_controller/source/impl_1/down_arr_rom.vhd(5): analyzing entity arrow4. VHDL-1012
INFO <35921010> - c:/users/jonekath/my_designs/vga_controller/source/impl_1/down_arr_rom.vhd(14): analyzing architecture sim. VHDL-1010
Analyzing VHDL file c:/users/jonekath/my_designs/vga_controller/source/impl_1/down_out.vhd. VHDL-1481
Analyzing VHDL file c:/users/jonekath/my_designs/vga_controller/source/impl_1/down_out.vhd

INFO <35921012> - c:/users/jonekath/my_designs/vga_controller/source/impl_1/down_out.vhd(5): analyzing entity down_outline. VHDL-1012
INFO <35921010> - c:/users/jonekath/my_designs/vga_controller/source/impl_1/down_out.vhd(14): analyzing architecture sim. VHDL-1010
Analyzing VHDL file c:/users/jonekath/my_designs/vga_controller/source/impl_1/endscreen.vhd. VHDL-1481
Analyzing VHDL file c:/users/jonekath/my_designs/vga_controller/source/impl_1/endscreen.vhd

INFO <35921012> - c:/users/jonekath/my_designs/vga_controller/source/impl_1/endscreen.vhd(5): analyzing entity endscreen. VHDL-1012
INFO <35921010> - c:/users/jonekath/my_designs/vga_controller/source/impl_1/endscreen.vhd(14): analyzing architecture sim. VHDL-1010
Analyzing VHDL file c:/users/jonekath/my_designs/vga_controller/source/impl_1/hit_detect.vhd. VHDL-1481
Analyzing VHDL file c:/users/jonekath/my_designs/vga_controller/source/impl_1/hit_detect.vhd

INFO <35921012> - c:/users/jonekath/my_designs/vga_controller/source/impl_1/hit_detect.vhd(6): analyzing entity scoring. VHDL-1012
INFO <35921010> - c:/users/jonekath/my_designs/vga_controller/source/impl_1/hit_detect.vhd(24): analyzing architecture synth. VHDL-1010
Analyzing VHDL file c:/users/jonekath/my_designs/vga_controller/source/impl_1/left_arr_rom.vhd. VHDL-1481
Analyzing VHDL file c:/users/jonekath/my_designs/vga_controller/source/impl_1/left_arr_rom.vhd

INFO <35921012> - c:/users/jonekath/my_designs/vga_controller/source/impl_1/left_arr_rom.vhd(5): analyzing entity arrow1. VHDL-1012
INFO <35921010> - c:/users/jonekath/my_designs/vga_controller/source/impl_1/left_arr_rom.vhd(14): analyzing architecture sim. VHDL-1010
Analyzing VHDL file c:/users/jonekath/my_designs/vga_controller/source/impl_1/left_out.vhd. VHDL-1481
Analyzing VHDL file c:/users/jonekath/my_designs/vga_controller/source/impl_1/left_out.vhd

INFO <35921012> - c:/users/jonekath/my_designs/vga_controller/source/impl_1/left_out.vhd(5): analyzing entity left_outline. VHDL-1012
INFO <35921010> - c:/users/jonekath/my_designs/vga_controller/source/impl_1/left_out.vhd(14): analyzing architecture sim. VHDL-1010
Analyzing VHDL file c:/users/jonekath/my_designs/vga_controller/source/impl_1/nescontrollers.vhd. VHDL-1481
Analyzing VHDL file c:/users/jonekath/my_designs/vga_controller/source/impl_1/nescontrollers.vhd

INFO <35921012> - c:/users/jonekath/my_designs/vga_controller/source/impl_1/nescontrollers.vhd(5): analyzing entity nes. VHDL-1012
INFO <35921010> - c:/users/jonekath/my_designs/vga_controller/source/impl_1/nescontrollers.vhd(21): analyzing architecture synth. VHDL-1010
Analyzing VHDL file c:/users/jonekath/my_designs/vga_controller/source/impl_1/playerp_rom.vhd. VHDL-1481
Analyzing VHDL file c:/users/jonekath/my_designs/vga_controller/source/impl_1/playerp_rom.vhd

INFO <35921012> - c:/users/jonekath/my_designs/vga_controller/source/impl_1/playerp_rom.vhd(5): analyzing entity player_disp. VHDL-1012
INFO <35921010> - c:/users/jonekath/my_designs/vga_controller/source/impl_1/playerp_rom.vhd(14): analyzing architecture sim. VHDL-1010
Analyzing VHDL file c:/users/jonekath/my_designs/vga_controller/source/impl_1/right_arr_rom.vhd. VHDL-1481
Analyzing VHDL file c:/users/jonekath/my_designs/vga_controller/source/impl_1/right_arr_rom.vhd

INFO <35921012> - c:/users/jonekath/my_designs/vga_controller/source/impl_1/right_arr_rom.vhd(5): analyzing entity arrow3. VHDL-1012
INFO <35921010> - c:/users/jonekath/my_designs/vga_controller/source/impl_1/right_arr_rom.vhd(14): analyzing architecture sim. VHDL-1010
Analyzing VHDL file c:/users/jonekath/my_designs/vga_controller/source/impl_1/right_out.vhd. VHDL-1481
Analyzing VHDL file c:/users/jonekath/my_designs/vga_controller/source/impl_1/right_out.vhd

INFO <35921012> - c:/users/jonekath/my_designs/vga_controller/source/impl_1/right_out.vhd(5): analyzing entity right_outline. VHDL-1012
INFO <35921010> - c:/users/jonekath/my_designs/vga_controller/source/impl_1/right_out.vhd(14): analyzing architecture sim. VHDL-1010
Analyzing VHDL file c:/users/jonekath/my_designs/vga_controller/source/impl_1/score_rom.vhd. VHDL-1481
Analyzing VHDL file c:/users/jonekath/my_designs/vga_controller/source/impl_1/score_rom.vhd

INFO <35921012> - c:/users/jonekath/my_designs/vga_controller/source/impl_1/score_rom.vhd(5): analyzing entity score_rom. VHDL-1012
INFO <35921010> - c:/users/jonekath/my_designs/vga_controller/source/impl_1/score_rom.vhd(16): analyzing architecture sim. VHDL-1010
Analyzing VHDL file c:/users/jonekath/my_designs/vga_controller/source/impl_1/scoreword_rom.vhd. VHDL-1481
Analyzing VHDL file c:/users/jonekath/my_designs/vga_controller/source/impl_1/scoreword_rom.vhd

INFO <35921012> - c:/users/jonekath/my_designs/vga_controller/source/impl_1/scoreword_rom.vhd(5): analyzing entity score_disp. VHDL-1012
INFO <35921010> - c:/users/jonekath/my_designs/vga_controller/source/impl_1/scoreword_rom.vhd(14): analyzing architecture sim. VHDL-1010
Analyzing VHDL file c:/users/jonekath/my_designs/vga_controller/source/impl_1/start_screen.vhd. VHDL-1481
Analyzing VHDL file c:/users/jonekath/my_designs/vga_controller/source/impl_1/start_screen.vhd

INFO <35921012> - c:/users/jonekath/my_designs/vga_controller/source/impl_1/start_screen.vhd(6): analyzing entity rom. VHDL-1012
WARNING <35921177> - c:/users/jonekath/my_designs/vga_controller/source/impl_1/start_screen.vhd(6): duplicate entity name rom. VHDL-1177
INFO <35921010> - c:/users/jonekath/my_designs/vga_controller/source/impl_1/start_screen.vhd(15): analyzing architecture sim. VHDL-1010
Analyzing VHDL file c:/users/jonekath/my_designs/vga_controller/source/impl_1/top_arr_rom.vhd. VHDL-1481
Analyzing VHDL file c:/users/jonekath/my_designs/vga_controller/source/impl_1/top_arr_rom.vhd

INFO <35921012> - c:/users/jonekath/my_designs/vga_controller/source/impl_1/top_arr_rom.vhd(5): analyzing entity arrow2. VHDL-1012
INFO <35921010> - c:/users/jonekath/my_designs/vga_controller/source/impl_1/top_arr_rom.vhd(14): analyzing architecture sim. VHDL-1010
Analyzing VHDL file c:/users/jonekath/my_designs/vga_controller/source/impl_1/top_out.vhd. VHDL-1481
Analyzing VHDL file c:/users/jonekath/my_designs/vga_controller/source/impl_1/top_out.vhd

INFO <35921012> - c:/users/jonekath/my_designs/vga_controller/source/impl_1/top_out.vhd(5): analyzing entity top_outline. VHDL-1012
INFO <35921010> - c:/users/jonekath/my_designs/vga_controller/source/impl_1/top_out.vhd(14): analyzing architecture sim. VHDL-1010
INFO <35921504> - The default VHDL library search path is now "C:/Users/jonekath/my_designs/VGA_Controller/impl_1". VHDL-1504
Top module language type = VHDL.
WARNING <35935049> - input port sclk_i remains unconnected for this instance. VDB-5049
WARNING <35935049> - input port sdi_i remains unconnected for this instance. VDB-5049
Top module name (VHDL, mixed language): top
                                                         


### Number of Logic Cells: 5280


### Number of RAM Blocks: 30


### Number of DSP Blocks: 8


### Number of PLLs: 1


### Number of IO Pins: 56


##########################################################


                                                         


WARNING <35001771> - Initial value found on net controller1[3] will be ignored due to unrecognized driver type
WARNING <35001771> - Initial value found on net controller1[2] will be ignored due to unrecognized driver type
WARNING <35001771> - Initial value found on net controller1[1] will be ignored due to unrecognized driver type
WARNING <35001771> - Initial value found on net controller1[0] will be ignored due to unrecognized driver type
WARNING <35001771> - Initial value found on net controller2[3] will be ignored due to unrecognized driver type
WARNING <35001771> - Initial value found on net controller2[2] will be ignored due to unrecognized driver type
WARNING <35001771> - Initial value found on net controller2[1] will be ignored due to unrecognized driver type
WARNING <35001771> - Initial value found on net controller2[0] will be ignored due to unrecognized driver type
WARNING <35001771> - Initial value found on net start will be ignored due to unrecognized driver type
WARNING <35001771> - Initial value found on net restart will be ignored due to unrecognized driver type
WARNING <35001771> - Initial value found on net endgame will be ignored due to unrecognized driver type
WARNING <35935049> - input port sclk_i remains unconnected for this instance. VDB-5049
WARNING <35935049> - input port sdi_i remains unconnected for this instance. VDB-5049
WARNING <35931002> - c:/users/jonekath/my_designs/vga_controller/mypll/rtl/mypll.v(139): net \pll_inst/lscc_pll_inst/sclk_i does not have a driver. VDB-1002
WARNING <35931002> - c:/users/jonekath/my_designs/vga_controller/mypll/rtl/mypll.v(140): net \pll_inst/lscc_pll_inst/sdi_i does not have a driver. VDB-1002
######## Missing driver on net \pll_inst/lscc_pll_inst/sclk_i. Patching with GND.
######## Missing driver on net \pll_inst/lscc_pll_inst/sdi_i. Patching with GND.



WARNING <35001045> - No available RAMs found.
WARNING <35001045> - No available RAMs found.

 PMux Accepted with new tuning \pattern_inst/myscore/mux_115    <postMsg mid="35001747" type="Critical" dynamic="2" navigation="0" arg0="driving \pattern_inst/rom_top_out[5:0]" arg1="5, 1, 0"  />
CRITICAL <35001747> - Bit(s) of register driving \pattern_inst/rom_down_out[5:0] stuck at '0': 5, 1, 0
CRITICAL <35001747> - Bit(s) of register driving \pattern_inst/rom_right_out[5:0] stuck at '0': 5, 1, 0
CRITICAL <35001747> - Bit(s) of register driving \pattern_inst/rom_left_out[5:0] stuck at '0': 5, 1, 0
CRITICAL <35001748> - Bit(s) of register driving \pattern_inst/myscore/num6_disp_out[5:0] stuck at '1': 0
CRITICAL <35001748> - Bit(s) of register driving \pattern_inst/myscore/num5_disp_out[5:0] stuck at '1': 0
CRITICAL <35001748> - Bit(s) of register driving \pattern_inst/myscore/num4_disp_out[5:0] stuck at '1': 0
CRITICAL <35001748> - Bit(s) of register driving \pattern_inst/myscore/num3_disp_out[5:0] stuck at '1': 0
CRITICAL <35001748> - Bit(s) of register driving \pattern_inst/myscore/num2_disp_out[5:0] stuck at '1': 0
CRITICAL <35001748> - Bit(s) of register driving \pattern_inst/myscore/num1_disp_out[5:0] stuck at '1': 0
CRITICAL <35001748> - Bit(s) of register driving \pattern_inst/myscore/player_disp_out[5:0] stuck at '1': 0
CRITICAL <35001748> - Bit(s) of register driving \pattern_inst/myscore/num0_disp_out[5:0] stuck at '1': 0
CRITICAL <35001748> - Bit(s) of register driving \pattern_inst/myscore/num7_disp_out[5:0] stuck at '1': 0
CRITICAL <35001748> - Bit(s) of register driving \pattern_inst/myscore/num8_disp_out[5:0] stuck at '1': 0
CRITICAL <35001748> - Bit(s) of register driving \pattern_inst/myscore/num9_disp_out[5:0] stuck at '1': 0
WARNING <35001045> - No available RAMs found.
CRITICAL <35001748> - Bit(s) of register driving \arrows_inst/my_arrows_spawned[3:0] stuck at '1': 3, 2, 1, 0
WARNING <35935040> - Register \arrows_inst/my_left_arr_ypos_i0 clock is stuck at Zero. VDB-5040
WARNING <35935040> - Register \arrows_inst/my_top_arr_ypos_i0 clock is stuck at Zero. VDB-5040
WARNING <35935040> - Register \arrows_inst/my_right_arr_ypos_i0 clock is stuck at Zero. VDB-5040
WARNING <35935040> - Register \arrows_inst/my_down_arr_ypos_i0 clock is stuck at Zero. VDB-5040
WARNING <35935040> - Register \arrows_inst/down_arr_ypos__i0 clock is stuck at Zero. VDB-5040
WARNING <35935040> - Register \arrows_inst/right_arr_ypos__i0 clock is stuck at Zero. VDB-5040
WARNING <35935040> - Register \arrows_inst/top_arr_ypos__i0 clock is stuck at Zero. VDB-5040
WARNING <35935040> - Register \arrows_inst/left_arr_ypos__i0 clock is stuck at Zero. VDB-5040
Duplicate register/latch removal. \pattern_inst/myscore/player_disp_inst/data_i1 is a one-to-one match with \pattern_inst/myscore/player_disp_inst/data_i2.
Duplicate register/latch removal. \pattern_inst/myscore/num1_disp_inst/data_i1 is a one-to-one match with \pattern_inst/myscore/num1_disp_inst/data_i2.
Duplicate register/latch removal. \pattern_inst/myscore/num4_disp_inst/data_i1 is a one-to-one match with \pattern_inst/myscore/num4_disp_inst/data_i2.
Duplicate register/latch removal. \pattern_inst/myscore/num7_disp_inst/data_i1 is a one-to-one match with \pattern_inst/myscore/num7_disp_inst/data_i2.
Duplicate register/latch removal. \pattern_inst/myscore/num7_disp_inst/data_i5 is a one-to-one match with \pattern_inst/myscore/num7_disp_inst/data_i3.
Duplicate register/latch removal. \pattern_inst/myscore/num4_disp_inst/data_i5 is a one-to-one match with \pattern_inst/myscore/num4_disp_inst/data_i3.
Duplicate register/latch removal. \pattern_inst/myscore/num1_disp_inst/data_i5 is a one-to-one match with \pattern_inst/myscore/num1_disp_inst/data_i3.
Duplicate register/latch removal. \pattern_inst/myscore/player_disp_inst/data_i5 is a one-to-one match with \pattern_inst/myscore/player_disp_inst/data_i3.
Duplicate register/latch removal. \pattern_inst/myarrow4/data_i3 is a one-to-one match with \pattern_inst/myarrow4/data_i2.
Duplicate register/latch removal. \pattern_inst/myarrow3/data_i3 is a one-to-one match with \pattern_inst/myarrow3/data_i2.
Duplicate register/latch removal. \pattern_inst/myarrow2/data_i3 is a one-to-one match with \pattern_inst/myarrow2/data_i2.
Duplicate register/latch removal. \pattern_inst/myarrow1/data_i3 is a one-to-one match with \pattern_inst/myarrow1/data_i2.
Duplicate register/latch removal. \arrows_inst/arrows_spawned_i0 is a one-to-one match with \arrows_inst/arrows_spawned_i3.
Duplicate register/latch removal. \pattern_inst/myarrow1/data_i0 is a one-to-one match with \pattern_inst/myarrow1/data_i5.
Duplicate register/latch removal. \pattern_inst/myarrow2/data_i0 is a one-to-one match with \pattern_inst/myarrow2/data_i5.
Duplicate register/latch removal. \pattern_inst/myarrow3/data_i0 is a one-to-one match with \pattern_inst/myarrow3/data_i5.
Duplicate register/latch removal. \pattern_inst/myarrow4/data_i0 is a one-to-one match with \pattern_inst/myarrow4/data_i5.
Duplicate register/latch removal. \pattern_inst/myscore/player_disp_inst/data_i1 is a one-to-one match with \pattern_inst/myscore/player_disp_inst/data_i5.
Duplicate register/latch removal. \pattern_inst/myscore/num1_disp_inst/data_i1 is a one-to-one match with \pattern_inst/myscore/num1_disp_inst/data_i5.
Duplicate register/latch removal. \pattern_inst/myscore/num4_disp_inst/data_i1 is a one-to-one match with \pattern_inst/myscore/num4_disp_inst/data_i5.
Duplicate register/latch removal. \pattern_inst/myscore/num7_disp_inst/data_i1 is a one-to-one match with \pattern_inst/myscore/num7_disp_inst/data_i5.
Duplicate register/latch removal. \arrows_inst/arrows_spawned_i1 is a one-to-one match with \arrows_inst/arrows_spawned_i2.
Duplicate register/latch removal. \pattern_inst/myarrow4/data_i4 is a one-to-one match with \pattern_inst/myarrow4/data_i1.
Duplicate register/latch removal. \pattern_inst/myarrow3/data_i4 is a one-to-one match with \pattern_inst/myarrow3/data_i1.
Duplicate register/latch removal. \pattern_inst/myarrow2/data_i4 is a one-to-one match with \pattern_inst/myarrow2/data_i1.
Duplicate register/latch removal. \pattern_inst/myarrow1/data_i4 is a one-to-one match with \pattern_inst/myarrow1/data_i1.
Duplicate register/latch removal. \arrows_inst/arrows_spawned_i0 is a one-to-one match with \arrows_inst/arrows_spawned_i1.
Duplicate register/latch removal. \pattern_inst/myarrow1/data_i0 is a one-to-one match with \pattern_inst/myarrow1/data_i4.
Duplicate register/latch removal. \pattern_inst/myarrow2/data_i0 is a one-to-one match with \pattern_inst/myarrow2/data_i4.
Duplicate register/latch removal. \pattern_inst/myarrow3/data_i0 is a one-to-one match with \pattern_inst/myarrow3/data_i4.
Duplicate register/latch removal. \pattern_inst/myarrow4/data_i0 is a one-to-one match with \pattern_inst/myarrow4/data_i4.
Duplicate register/latch removal. \pattern_inst/myscore/data_i5 is a one-to-one match with \pattern_inst/myscore/data_i3.
Duplicate register/latch removal. \pattern_inst/myscore/data_i5 is a one-to-one match with \pattern_inst/myscore/data_i1.
INFO <35002039> - Special Primitives IFD1P3AZ and OFD1P3AZ for ThunderPlus are synthesized using IOL_B.

################### Begin Area Report (top)######################
Number of register bits => 341 of 5280 (6 % )
CCU2 => 152
FD1P3XZ => 341
IB => 3
IOL_B => 4
LUT4 => 3713
OB => 11
PLL_B => 1
################### End Area Report ##################
Number of odd-length carry chains : 6
Number of even-length carry chains : 21

################### Begin Clock Report ######################
Clock Nets
Number of Clocks: 4
  Net : pll_inst/lscc_pll_inst/outglobal_o, loads : 0
  Net : ref_clk_i_c, loads : 1
  Net : NESControllers/nesClk_c, loads : 1
  Net : pll_inst/lscc_pll_inst/pll_c, loads : 1
Clock Enable Nets
Number of Clock Enables: 0
Highest fanout non-clock nets
Top 10 highest fanout non-clock nets:
  Net : vga_inst/pixel_y[5], loads : 391
  Net : vga_inst/pixel_y[4], loads : 388
  Net : vga_inst/pixel_y[3], loads : 377
  Net : vga_inst/pixel_y[2], loads : 340
  Net : vga_inst/pixel_y[6], loads : 301
  Net : vga_inst/pixel_y[7], loads : 265
  Net : pattern_inst/myend/n22_adj_654, loads : 214
  Net : vga_inst/pixel_y[8], loads : 164
  Net : pattern_inst/myend/n22_adj_651, loads : 161
  Net : pattern_inst/myend/n22_adj_650, loads : 146
################### End Clock Report ##################

################### Begin Constraint Report ######################
Constraint Summary:
  Total number of constraints: 0
  Total number of constraints dropped: 0
###################  End Constraint Report  ######################

################### Begin DRC Report ######################
Total number of design rule violations: 0
###################  End DRC Report  ######################

Peak Memory Usage: 1436 MB

--------------------------------------------------------------
Total CPU Time: 55 secs 
Total REAL Time: 56 secs 
--------------------------------------------------------------
Checksum -- synthesis -- netlist: 3402f7ebd6594c606cdbd22836d7b13237ff587a



postsyn -a iCE40UP -p iCE40UP5K -t SG48 -sp High-Performance_1.2V -oc Industrial -top -w -o VGA_Controller_impl_1_syn.udb VGA_Controller_impl_1.vm -ldc C:/Users/jonekath/my_designs/VGA_Controller/impl_1/VGA_Controller_impl_1.ldc
POSTSYN: Post Synthesis Process Radiant Software (64-bit) 2024.1.0.34.2
Command Line: postsyn -a iCE40UP -p iCE40UP5K -t SG48 -sp High-Performance_1.2V -oc Industrial -top -w -o VGA_Controller_impl_1_syn.udb -ldc C:/Users/jonekath/my_designs/VGA_Controller/impl_1/VGA_Controller_impl_1.ldc -gui -msgset C:/Users/jonekath/my_designs/VGA_Controller/promote.xml VGA_Controller_impl_1.vm 
   Architecture:     iCE40UP
   Device:           iCE40UP5K
   Package:          SG48
   Performance:      High-Performance_1.2V
Reading input file 'VGA_Controller_impl_1.vm' ...
CPU Time to convert: 0.359375
REAL Time to convert: 0
convert PEAK Memory Usage: 64 MB
convert CURRENT Memory Usage: 62 MB
WARNING <35811117> - Attribute 'LATTICE_IP_GENERATED' on Instance 'pll_inst' in Module 'top' cannot be supported. It will be ignored.
WARNING <35811116> - Attribute 'LATTICE_IP_GENERATED' on Module 'mypll' cannot be supported. It will be ignored.
Reading constraint file 'C:/Users/jonekath/my_designs/VGA_Controller/impl_1/VGA_Controller_impl_1.ldc' ...
Removing unused logic ...
Starting design annotation....
WARNING <70001944> - No source clock for
	generated clock	create_generated_clock -name {outglobal_o} -source [get_pins {pll_inst/lscc_pll_inst/u_PLL_B/REFERENCECLK}] -multiply_by 67 -divide_by 32 [get_pins {pll_inst/lscc_pll_inst/u_PLL_B/OUTGLOBAL }] .
WARNING <70001944> - No source clock for
	generated clock	create_generated_clock -name {pll_c} -source [get_pins {pll_inst/lscc_pll_inst/u_PLL_B/REFERENCECLK}] -multiply_by 67 -divide_by 32 [get_pins {pll_inst/lscc_pll_inst/u_PLL_B/OUTCORE }] .
 
Constraint Summary:
   Total number of constraints: 3
   Total number of constraints dropped: 0
 
Writing output file 'VGA_Controller_impl_1_syn.udb'.
POSTSYN finished successfully.
Total CPU Time: 1 secs 
Total REAL Time: 0 secs 
Peak Memory Usage: 64 MB
Checksum -- postsyn: 1957ee82351473d8d2d072ede5cbed7a4521209



pnmainc -log pnmain "VGA_Controller_impl_1_map.tcl"
map:  version Radiant Software (64-bit) 2024.1.0.34.2

Copyright (c) 1991-1994 by NeoCAD Inc. All rights reserved.
Copyright (c) 1995 AT&T Corp.   All rights reserved.
Copyright (c) 1995-2001 Lucent Technologies Inc.  All rights reserved.
Copyright (c) 2001 Agere Systems   All rights reserved.
Copyright (c) 2002-2024 Lattice Semiconductor Corporation,  All rights reserved.

Command line:   map -pdc C:/Users/jonekath/my_designs/VGA_Controller/pins.pdc -i VGA_Controller_impl_1_syn.udb -o VGA_Controller_impl_1_map.udb -mp VGA_Controller_impl_1.mrp -hierrpt -gui -msgset C:/Users/jonekath/my_designs/VGA_Controller/promote.xml 

Loading device for application GENERIC from file 'itpa08.nph' in environment: C:/lscc/radiant/2024.1/ispfpga.
Package Status:                     Preliminary    Version 1.5.



WARNING <1026001> - C:/Users/jonekath/my_designs/VGA_Controller/pins.pdc (12) : No port matched &apos;start_pressed&apos;.
WARNING <1027013> - No port matched 'start_pressed'.
WARNING <1026001> - C:/Users/jonekath/my_designs/VGA_Controller/pins.pdc (12) : Can&apos;t resolve object &apos;start_pressed&apos; in constraint &apos;ldc_set_location -site {18} [get_ports start_pressed]&apos;.
WARNING <1011001> - Remove invalid constraint 'ldc_set_location -site {18} [get_ports start_pressed]'.
Design:  top
Family:  iCE40UP
Device:  iCE40UP5K
Package: SG48
Performance Grade:  High-Performance_1.2V

Running general design DRC...




Design Summary:
   Number of slice registers: 341 out of  5280 (6%)
   Number of I/O registers:      4 out of   117 (3%)
   Number of LUT4s:           4161 out of  5280 (79%)
      Number of logic LUT4s:             3714
      Number of inserted feedthru LUT4s: 129
      Number of replicated LUT4s:         14
      Number of ripple logic:            152 (304 LUT4s)
   Number of IO sites used:   14 out of 39 (36%)
      Number of IO sites used for general PIO: 14
      Number of IO sites used for I3C: 0 out of 2 (0%)
      (note: If I3C is not used, its site can be used as general PIO)
      Number of IO sites used for PIO+I3C: 14 out of 36 (39%)
      Number of IO sites used for OD+RGB IO buffers: 0 out of 3 (0%)
      (note: If RGB LED drivers are not used, sites can be used as OD outputs,
       see TN1288 iCE40 LED Driver Usage Guide)
      Number of IO sites used for PIO+I3C+OD+RGB: 14 out of 39 (36%)
   Number of DSPs:             0 out of 8 (0%)
   Number of I2Cs:             0 out of 2 (0%)
   Number of High Speed OSCs:  0 out of 1 (0%)
   Number of Low Speed OSCs:   0 out of 1 (0%)
   Number of RGB PWM:          0 out of 1 (0%)
   Number of RGB Drivers:      0 out of 1 (0%)
   Number of SCL FILTERs:      0 out of 2 (0%)
   Number of SRAMs:            0 out of 4 (0%)
   Number of WARMBOOTs:        0 out of 1 (0%)
   Number of SPIs:             0 out of 2 (0%)
   Number of EBRs:             0 out of 30 (0%)
   Number of PLLs:             1 out of 1 (100%)
   Number of Clocks:  3
      Net outglobal_o: 282 loads, 282 rising, 0 falling (Driver: Pin pll_inst.lscc_pll_inst.u_PLL_B/OUTGLOBAL)
      Net nesClk_c: 14 loads, 14 rising, 0 falling (Driver: Pin NESControllers.i1_2_lut_adj_978/Z)
      Net ref_clk_i_c: 1 loads, 1 rising, 0 falling (Driver: Port ref_clk_i)
   Number of Clock Enables:  5
      Net arrows_inst.n93818: 20 loads, 20 SLICEs
      Net n25: 20 loads, 20 SLICEs
      Net n146: 20 loads, 20 SLICEs
      Net pattern_inst.myscore.n93819: 5 loads, 5 SLICEs
      Net vga_inst.n59278: 6 loads, 6 SLICEs
   Number of LSRs:  19
      Net arrows_inst.n37: 1 loads, 1 SLICEs
      Net NESControllers.n94421: 11 loads, 11 SLICEs
      Net pixel_x[9]: 4 loads, 4 SLICEs
      Net n94415: 6 loads, 6 SLICEs
      Net pattern_inst.n678: 1 loads, 1 SLICEs
      Net pattern_inst.myrom.n133361: 1 loads, 1 SLICEs
      Net pattern_inst.myend.n803: 4 loads, 4 SLICEs
      Net pattern_inst.n574: 1 loads, 1 SLICEs
      Net pattern_inst.n559: 1 loads, 1 SLICEs
      Net pattern_inst.n544: 1 loads, 1 SLICEs
      Net pattern_inst.n529: 1 loads, 1 SLICEs
      Net pattern_inst.myend.n100889: 1 loads, 1 SLICEs
      Net fsm_inst.s[1]_2: 2 loads, 2 SLICEs
      Net fsm_inst.n94424: 1 loads, 1 SLICEs
      Net vga_inst.n59298: 6 loads, 6 SLICEs
      Net vga_inst.n15: 6 loads, 6 SLICEs
      Net vga_inst.n4: 1 loads, 1 SLICEs
      Net scoring_inst.n94423: 4 loads, 4 SLICEs
      Net scoring_inst.n94422: 4 loads, 4 SLICEs
   Top 10 highest fanout non-clock nets:
      Net pixel_y[4]: 422 loads
      Net pixel_y[5]: 417 loads
      Net pixel_y[3]: 412 loads
      Net pixel_y[2]: 379 loads
      Net pixel_y[6]: 316 loads
      Net pixel_y[7]: 281 loads
      Net pattern_inst.myend.n22_adj_654: 215 loads
      Net pixel_y[8]: 174 loads
      Net pattern_inst.myend.n22_adj_651: 164 loads
      Net pixel_x[2]: 154 loads
Running physical design DRC...

 


   Number of warnings:  4
   Number of criticals: 0
   Number of errors:    0

Constraint Summary:
   Total number of constraints: 18
   Total number of constraints dropped: 1
   Dropped constraint is:
     ldc_set_location -site {18} [get_ports start_pressed]


Total CPU Time: 2 secs  
Total REAL Time: 2 secs  
Peak Memory Usage: 118 MB

Checksum -- map: 590b3693b2458e01c005b41de6220aea641c0869
Thank you for using Radiant. Total CPU/Elapsed time: 0 secs /2 secs 

pnmainc -log pnmain "VGA_Controller_impl_1_par.tcl"

Lattice Place and Route Report for Design "VGA_Controller_impl_1_map.udb"
Mon Dec  9 13:59:33 2024

PAR: Place And Route Radiant Software (64-bit) 2024.1.0.34.2.
Command Line: par -w -t 1 -cores 1 -hsp m -exp parPathBased=ON \
	VGA_Controller_impl_1_map.udb VGA_Controller_impl_1_par.dir/5_1.udb 

Loading VGA_Controller_impl_1_map.udb ...
Loading device for application GENERIC from file 'itpa08.nph' in environment: C:/lscc/radiant/2024.1/ispfpga.
Package Status:                     Preliminary    Version 1.5.
Performance Hardware Data Status:   Advanced       Version 1.0.



Design:  top
Family:  iCE40UP
Device:  iCE40UP5K
Package: SG48
Performance Grade:   High-Performance_1.2V

Constraint Summary
   Total number of constraints: 16
   Total number of constraints dropped: 0

WARNING <70001944> - No source clock for
	generated clock	create_generated_clock -name {outglobal_o} -source [get_pins {pll_inst/lscc_pll_inst/u_PLL_B/REFERENCECLK}] -multiply_by 67 -divide_by 32 [get_pins {pll_inst/lscc_pll_inst/u_PLL_B/OUTGLOBAL }] .
WARNING <70001944> - No source clock for
	generated clock	create_generated_clock -name {pll_c} -source [get_pins {pll_inst/lscc_pll_inst/u_PLL_B/REFERENCECLK}] -multiply_by 67 -divide_by 32 [get_pins {pll_inst/lscc_pll_inst/u_PLL_B/OUTCORE }] .

WARNING: Database constraint "create_generated_clock -name {pll_c} -source [get_pins pll_inst.lscc_pll_inst.u_PLL_B/REFERENCECLK] -divide_by 32 -multiply_by 67 [get_pins pll_inst.lscc_pll_inst.u_PLL_B/OUTCORE]" does not have corresponding timing constraint. Please check if the resource objects of the constraint are valid carefully!
Number of Signals: 4745
Number of Connections: 15332
Device utilization summary:

   SLICE (est.)    2188/2640         83% used
     LUT           4161/5280         79% used
     REG            341/5280          6% used
   PIO               14/56           25% used
                     14/36           38% bonded
   IOLOGIC            4/56            7% used
   DSP                0/8             0% used
   I2C                0/2             0% used
   HFOSC              0/1             0% used
   LFOSC              0/1             0% used
   LEDDA_IP           0/1             0% used
   RGBA_DRV           0/1             0% used
   FILTER             0/2             0% used
   SRAM               0/4             0% used
   WARMBOOT           0/1             0% used
   SPI                0/2             0% used
   EBR                0/30            0% used
   PLL                1/1           100% used
   RGBOUTBUF          0/3             0% used
   I3C                0/2             0% used
   OPENDRAIN          0/3             0% used

Pin Constraint Summary:
   14 out of 14 pins locked (100% locked).

Finished Placer Phase 0 (HIER). CPU time: 40 secs , REAL time: 40 secs 


...................
Finished Placer Phase 0 (AP).  CPU time: 41 secs , REAL time: 42 secs 

Starting Placer Phase 1. CPU time: 41 secs , REAL time: 42 secs 
..  ..
....................

Placer score = 1107342.

Device SLICE utilization summary after final SLICE packing:
   SLICE           2176/2640         82% used

WARNING <70001944> - No source clock for
	generated clock	create_generated_clock -name {outglobal_o} -source [get_pins {pll_inst/lscc_pll_inst/u_PLL_B/REFERENCECLK}] -multiply_by 67 -divide_by 32 [get_pins {pll_inst/lscc_pll_inst/u_PLL_B/OUTGLOBAL }] .
WARNING <70001944> - No source clock for
	generated clock	create_generated_clock -name {pll_c} -source [get_pins {pll_inst/lscc_pll_inst/u_PLL_B/REFERENCECLK}] -multiply_by 67 -divide_by 32 [get_pins {pll_inst/lscc_pll_inst/u_PLL_B/OUTCORE }] .
Finished Placer Phase 1. CPU time: 56 secs , REAL time: 57 secs 

Starting Placer Phase 2.
.

Placer score =  1377783
Finished Placer Phase 2.  CPU time: 57 secs , REAL time: 58 secs 


------------------ Clock Report ------------------

Global Clocks :
  PRIMARY "outglobal_o" from OUTGLOBAL on comp "pll_inst.lscc_pll_inst.u_PLL_B" on site "PLL_R13C32", clk load = 186, ce load = 0, sr load = 0
  PRIMARY "nesClk_c" from F1 on comp "NESControllers.SLICE_1031" on site "R11C2A", clk load = 8, ce load = 0, sr load = 0

  PRIMARY  : 2 out of 8 (25%)

--------------- End of Clock Report ---------------


I/O Usage Summary (final):
   14 out of 56 (25.0%) I/O sites used.
   14 out of 36 (38.9%) bonded I/O sites used.
   Number of I/O components: 14; differential: 0
   Number of Vref pins used: 0

I/O Bank Usage Summary:
+----------+---------------+------------+------------+------------+
| I/O Bank | Usage         | Bank Vccio | Bank Vref1 | Bank Vref2 |
+----------+---------------+------------+------------+------------+
| 0        | 8 / 14 ( 57%) | 3.3V       |            |            |
| 1        | 5 / 14 ( 35%) | 3.3V       |            |            |
| 2        | 1 / 8 ( 12%)  | 3.3V       |            |            |
+----------+---------------+------------+------------+------------+

Total Placer CPU time: 57 secs , REAL time: 58 secs 


Checksum -- place: 8af53e32266ad3d9b186384e96846c4757ea4cb6
Writing design to file VGA_Controller_impl_1_par.dir/5_1.udb ...


Start NBR router at 14:00:32 12/09/24

*****************************************************************
Info: NBR allows conflicts(one node used by more than one signal)
      in the earlier iterations. In each iteration, it tries to  
      solve the conflicts while keeping the critical connections 
      routed as short as possible. The routing process is said to
      be completed when no conflicts exist and all connections   
      are routed.                                                
Note: NBR uses a different method to calculate timing slacks. The
      worst slack and total negative slack may not be the same as
      that in timing report. You should always run the timing    
      tool to verify your design.                                
*****************************************************************

Starting routing resource preassignment
Preassignment Summary:
--------------------------------------------------------------------------------
1 connections routed with dedicated routing resources
1 global clock signals routed
809 connections routed (of 15198 total) (5.32%)
---------------------------------------------------------
Clock routing summary:
Primary clocks (2 used out of 8 available):
#5  Signal "nesClk_c"
       Clock   loads: 0     out of     8 routed (  0.00%)
       Data    loads: 0     out of     1 routed (  0.00%)
#7  Signal "outglobal_o"
       Clock   loads: 186   out of   186 routed (100.00%)
Other clocks:
    Signal "ref_clk_i_c"
       Clock   loads: 0     out of     1 routed (  0.00%)
    Signal "pll_inst.lscc_pll_inst.feedback_w"
       Clock   loads: 1     out of     1 routed (100.00%)
---------------------------------------------------------
--------------------------------------------------------------------------------
Completed routing resource preassignment
WARNING <70001944> - No source clock for
	generated clock	create_generated_clock -name {outglobal_o} -source [get_pins {pll_inst/lscc_pll_inst/u_PLL_B/REFERENCECLK}] -multiply_by 67 -divide_by 32 [get_pins {pll_inst/lscc_pll_inst/u_PLL_B/OUTGLOBAL }] .
WARNING <70001944> - No source clock for
	generated clock	create_generated_clock -name {pll_c} -source [get_pins {pll_inst/lscc_pll_inst/u_PLL_B/REFERENCECLK}] -multiply_by 67 -divide_by 32 [get_pins {pll_inst/lscc_pll_inst/u_PLL_B/OUTCORE }] .
    TimerIf::skewscore 0
+++++++++++++++++++++++++++++++++++++++++++++++++++++++++++++++++++
Routing in Serial Mode ......
+++++++++++++++++++++++++++++++++++++++++++++++++++++++++++++++++++
                
Start NBR section for initial routing at 14:00:33 12/09/24
Level 4, iteration 1
        767(0.29%) conflicts; 0(0.00%) untouched conn; 0 (nbr) score; 0 (nbr) score; real time: 15 secs 

Info: Initial congestion level at 75.00% usage is 0
Info: Initial congestion area  at 75.00% usage is 0 (0.00%)

Start NBR section for normal routing at 14:00:47 12/09/24
Level 4, iteration 1
        381(0.15%) conflicts; 0(0.00%) untouched conn; 0 (nbr) score; 0 (nbr) score; real time: 18 secs 
Level 4, iteration 2
        285(0.11%) conflicts; 0(0.00%) untouched conn; 0 (nbr) score; 0 (nbr) score; real time: 19 secs 
Level 4, iteration 3
        209(0.08%) conflicts; 0(0.00%) untouched conn; 0 (nbr) score; 0 (nbr) score; real time: 20 secs 
Level 4, iteration 4
        159(0.06%) conflicts; 0(0.00%) untouched conn; 0 (nbr) score; 0 (nbr) score; real time: 21 secs 
Level 4, iteration 5
        116(0.04%) conflicts; 0(0.00%) untouched conn; 0 (nbr) score; 0 (nbr) score; real time: 22 secs 
Level 4, iteration 6
        92(0.04%) conflicts; 0(0.00%) untouched conn; 0 (nbr) score; 0 (nbr) score; real time: 23 secs 
Level 4, iteration 7
        58(0.02%) conflicts; 0(0.00%) untouched conn; 0 (nbr) score; 0 (nbr) score; real time: 23 secs 
Level 4, iteration 8
        42(0.02%) conflicts; 0(0.00%) untouched conn; 0 (nbr) score; 0 (nbr) score; real time: 24 secs 
Level 4, iteration 9
        30(0.01%) conflicts; 0(0.00%) untouched conn; 0 (nbr) score; 0 (nbr) score; real time: 24 secs 
Level 4, iteration 10
        21(0.01%) conflicts; 0(0.00%) untouched conn; 0 (nbr) score; 0 (nbr) score; real time: 24 secs 
Level 4, iteration 11
        13(0.00%) conflicts; 0(0.00%) untouched conn; 0 (nbr) score; 0 (nbr) score; real time: 25 secs 
Level 4, iteration 12
        5(0.00%) conflicts; 0(0.00%) untouched conn; 0 (nbr) score; 0 (nbr) score; real time: 25 secs 
Level 4, iteration 13
        4(0.00%) conflicts; 0(0.00%) untouched conn; 0 (nbr) score; 0 (nbr) score; real time: 25 secs 
Level 4, iteration 14
        1(0.00%) conflict; 0(0.00%) untouched conn; 0 (nbr) score; 0 (nbr) score; real time: 25 secs 
Level 4, iteration 15
        1(0.00%) conflict; 0(0.00%) untouched conn; 0 (nbr) score; 0 (nbr) score; real time: 25 secs 
Level 4, iteration 16
        1(0.00%) conflict; 0(0.00%) untouched conn; 0 (nbr) score; 0 (nbr) score; real time: 25 secs 
Level 4, iteration 17
        0(0.00%) conflict; 0(0.00%) untouched conn; 0 (nbr) score; 0 (nbr) score; real time: 25 secs 

Start NBR section for post-routing at 14:00:57 12/09/24

End NBR router with 0 unrouted connection(s)
WARNING <70001944> - No source clock for
	generated clock	create_generated_clock -name {outglobal_o} -source [get_pins {pll_inst/lscc_pll_inst/u_PLL_B/REFERENCECLK}] -multiply_by 67 -divide_by 32 [get_pins {pll_inst/lscc_pll_inst/u_PLL_B/OUTGLOBAL }] .
WARNING <70001944> - No source clock for
	generated clock	create_generated_clock -name {pll_c} -source [get_pins {pll_inst/lscc_pll_inst/u_PLL_B/REFERENCECLK}] -multiply_by 67 -divide_by 32 [get_pins {pll_inst/lscc_pll_inst/u_PLL_B/OUTCORE }] .
Changing speed to m;   changing temperature to -40
Changing speed to 6;   changing temperature to 100

Checksum -- route: fcbb94bbb2f3163f2528a0f160cc8092917d643f

Total CPU time 27 secs 
Total REAL time: 27 secs 
Completely routed.
End of route.  15198 routed (100.00%); 0 unrouted.

Writing design to file VGA_Controller_impl_1_par.dir/5_1.udb ...


PAR_SUMMARY::Run status = Completed
PAR_SUMMARY::Number of unrouted conns = 0
PAR_SUMMARY::Estimated worst slack<setup/<ns>> = <n/a>
PAR_SUMMARY::Timing score<setup/<ns>> = <n/a>
PAR_SUMMARY::Estimated worst slack<hold/<ns>> = <n/a>
PAR_SUMMARY::Timing score<hold/<ns>> = <n/a>
PAR_SUMMARY::Number of errors = 0

Note: user must run 'timing' for timing closure signoff.

Total CPU  Time: 1 mins 26 secs 
Total REAL Time: 1 mins 27 secs 
Peak Memory Usage: 231.81 MB


par done!

Copyright (c) 1991-1994 by NeoCAD Inc. All rights reserved.
Copyright (c) 1995 AT&T Corp.   All rights reserved.
Copyright (c) 1995-2001 Lucent Technologies Inc.  All rights reserved.
Copyright (c) 2001 Agere Systems   All rights reserved.
Copyright (c) 2002-2024 Lattice Semiconductor Corporation,  All rights reserved.
Thank you for using Radiant. Total CPU/Elapsed time: 0 secs /1 mins 27 secs 

timing -sethld -v 10 -u 10 -endpoints 10 -nperend 1 -sp High-Performance_1.2V -hsp m   -pwrprd -html -rpt "VGA_Controller_impl_1.twr" "VGA_Controller_impl_1.udb" 
timing -sethld -v 10 -u 10 -endpoints 10 -nperend 1 -sp High-Performance_1.2V -hsp m -pwrprd -html -rpt VGA_Controller_impl_1.twr VGA_Controller_impl_1.udb -gui -msgset C:/Users/jonekath/my_designs/VGA_Controller/promote.xml
Starting design reading...
Loading device for application GENERIC from file 'itpa08.nph' in environment: C:/lscc/radiant/2024.1/ispfpga.
Package Status:                     Preliminary    Version 1.5.
Performance Hardware Data Status:   Advanced       Version 1.0.
Loading udb::Database ...
Design:  top
Family:  iCE40UP
Device:  iCE40UP5K
Package: SG48
Performance Grade:   High-Performance_1.2V



Successfully loading udb, 0.19 seconds

Initializing timer
Starting design annotation....
WARNING <70001944> - No source clock for
	generated clock	create_generated_clock -name {outglobal_o} -source [get_pins {pll_inst/lscc_pll_inst/u_PLL_B/REFERENCECLK}] -multiply_by 67 -divide_by 32 [get_pins {pll_inst/lscc_pll_inst/u_PLL_B/OUTGLOBAL }] .
WARNING <70001944> - No source clock for
	generated clock	create_generated_clock -name {pll_c} -source [get_pins {pll_inst/lscc_pll_inst/u_PLL_B/REFERENCECLK}] -multiply_by 67 -divide_by 32 [get_pins {pll_inst/lscc_pll_inst/u_PLL_B/OUTCORE }] .
High-Performance_1.2V

Starting full timing analysis...
Performance Hardware Data Status:   Advanced       Version 1.0.
Connections ignored  197  counted  14808  covered  0
Changing speed to m;   changing temperature to -40

STA Runtime and Peak Memory Usage :
Total CPU Time: 7 secs 
Total REAL Time: 8 secs 
Peak Memory Usage: 142 MB

 7.661162s wall, 7.421875s user + 0.218750s system = 7.640625s CPU (99.7%)


tmcheck -par "VGA_Controller_impl_1.par"  

pnmainc -log pnmain "VGA_Controller_impl_1_bit.tcl"
Loading VGA_Controller_impl_1.udb ...
Loading device for application GENERIC from file 'itpa08.nph' in environment: C:/lscc/radiant/2024.1/ispfpga.
Package Status:                     Preliminary    Version 1.5.
Performance Hardware Data Status:   Advanced       Version 1.0.



Design:  top
Family:  iCE40UP
Device:  iCE40UP5K
Package: SG48
Performance Grade:   High-Performance_1.2V

Constraint Summary
   Total number of constraints: 16
   Total number of constraints dropped: 0

Successfully loading design udb and device data from disks and to up-layer in CPU time: 0 secs , REAL time: 0 secs 



BITGEN: Bitstream Generator Radiant Software (64-bit) 2024.1.0.34.2
Copyright (c) 1991-1994 by NeoCAD Inc. All rights reserved.
Copyright (c) 1995 AT&T Corp.   All rights reserved.
Copyright (c) 1995-2001 Lucent Technologies Inc.  All rights reserved.
Copyright (c) 2001 Agere Systems   All rights reserved.
Copyright (c) 2002-2024 Lattice Semiconductor Corporation,  All rights reserved.


Running DRC.
DRC detected 0 errors and 0 warnings.

Preference Summary:
+---------------------------------+---------------------------------+
|  Preference                     |  Current Setting                |
+---------------------------------+---------------------------------+
 *  Default setting.
 ** The specified setting matches the default setting.


Creating bit map...
Saving bit stream in "C:/Users/jonekath/my_designs/VGA_Controller/impl_1/VGA_Controller_impl_1.bin".
Bitstream generation complete!

Total CPU Time: 1 secs 
Total REAL Time: 2 secs 
Peak Memory Usage: 167 MB

Thank you for using Radiant. Total CPU/Elapsed time: 0 secs /2 secs 
