                         Lattice Mapping Report File
Design:  top
Family:  iCE40UP
Device:  iCE40UP5K
Package: SG48
Performance Grade:  High-Performance_1.2V

Mapper:    version Radiant Software (64-bit) 2023.1.0.43.3
Mapped on: Tue Dec 10 04:18:50 2024

Design Information
------------------

Command line:   map -i VGA_Controller_impl_1_syn.udb -pdc
     Z:/ES4/final_proj_git/RetroRhythm/VGA_Controller/pins.pdc -o
     VGA_Controller_impl_1_map.udb -mp VGA_Controller_impl_1.mrp -hierrpt -gui
     -msgset Z:/ES4/final_proj_git/RetroRhythm/VGA_Controller/promote.xml

Design Summary
--------------

   Number of slice registers: 514 out of  5280 (10%)
   Number of I/O registers:      4 out of   117 (3%)
   Number of LUT4s:           3914 out of  5280 (74%)
      Number of logic LUT4s:             3320
      Number of inserted feedthru LUT4s:  93
      Number of replicated LUT4s:          7
      Number of ripple logic:            247 (494 LUT4s)
   Number of IO sites used:   15 out of 39 (38%)
      Number of IO sites used for general PIO: 15
      Number of IO sites used for I3C: 0 out of 2 (0%)
      (note: If I3C is not used, its site can be used as general PIO)
      Number of IO sites used for PIO+I3C: 15 out of 36 (42%)
      Number of IO sites used for OD+RGB IO buffers: 0 out of 3 (0%)
      (note: If RGB LED drivers are not used, sites can be used as OD outputs,
       see TN1288 iCE40 LED Driver Usage Guide)
      Number of IO sites used for PIO+I3C+OD+RGB: 15 out of 39 (38%)
   Number of DSPs:             0 out of 8 (0%)
   Number of I2Cs:             0 out of 2 (0%)
   Number of High Speed OSCs:  0 out of 1 (0%)
   Number of Low Speed OSCs:   0 out of 1 (0%)
   Number of RGB PWM:          0 out of 1 (0%)
   Number of RGB Drivers:      0 out of 1 (0%)
   Number of SCL FILTERs:      0 out of 2 (0%)
   Number of SRAMs:            0 out of 4 (0%)
   Number of WARMBOOTs:        0 out of 1 (0%)
   Number of SPIs:             0 out of 2 (0%)
   Number of EBRs:             11 out of 30 (36%)
   Number of PLLs:             1 out of 1 (100%)
   Number of Clocks:  5
      Net outglobal_o: 282 loads, 282 rising, 0 falling (Driver: Pin
     pll_inst.lscc_pll_inst.u_PLL_B/OUTGLOBAL)
      Net music_inst.clk_sec: 22 loads, 22 rising, 0 falling (Driver: Pin
     music_inst.sec_div.clk_sec_I_0/Q)
      Net ref_clk_i_c: 1 loads, 1 rising, 0 falling (Driver: Port ref_clk_i)
      Net score_clk: 80 loads, 80 rising, 0 falling (Driver: Pin
     score_clk_inst.score_clk_I_0/Q)
      Net nesClk_c: 14 loads, 14 rising, 0 falling (Driver: Pin
     NESControllers.nesClk_c_I_0/Z)
   Number of Clock Enables:  15
      Net VCC_net: 33 loads, 0 SLICEs

                                    Page 1





Design Summary (cont)
---------------------
      Net pattern_inst.myscore.mapped_xpos_2__N_631: 4 loads, 4 SLICEs
      Net score2_4_0__N_579: 4 loads, 4 SLICEs
      Net score2_3_0__N_571: 4 loads, 4 SLICEs
      Net score2_2_0__N_563: 4 loads, 4 SLICEs
      Net score2_1_0__N_555: 4 loads, 4 SLICEs
      Net score2_5_0__N_587: 4 loads, 4 SLICEs
      Net score1_1_0__N_515: 4 loads, 4 SLICEs
      Net rows_0__N_90: 6 loads, 6 SLICEs
      Net score1_2_0__N_523: 4 loads, 4 SLICEs
      Net score1_5_0__N_547: 4 loads, 4 SLICEs
      Net music_on: 4 loads, 4 SLICEs
      Net score1_3_0__N_531: 4 loads, 4 SLICEs
      Net score1_4_0__N_539: 4 loads, 4 SLICEs
      Net music_inst.reset_div_N_727: 1 loads, 1 SLICEs
   Number of LSRs:  15
      Net pixel_x[9]: 2 loads, 2 SLICEs
      Net pattern_inst.leftarr_data_1__N_104: 1 loads, 1 SLICEs
      Net rgb_c_0_N_712: 6 loads, 6 SLICEs
      Net uparr_data_1__N_113: 1 loads, 1 SLICEs
      Net rightarr_data_1__N_110: 1 loads, 1 SLICEs
      Net downarr_data_1__N_107: 1 loads, 1 SLICEs
      Net endsong: 80 loads, 80 SLICEs
      Net columns_0__N_61: 6 loads, 6 SLICEs
      Net rows_0__N_91: 6 loads, 6 SLICEs
      Net s[1]: 2 loads, 2 SLICEs
      Net count_0__N_396: 17 loads, 17 SLICEs
      Net vga_inst.valid_N_720: 1 loads, 1 SLICEs
      Net music_inst.div_0__N_332: 4 loads, 4 SLICEs
      Net music_inst.reset_div: 18 loads, 18 SLICEs
      Net NESControllers.NEScount_0__N_322: 11 loads, 11 SLICEs
   Top 10 highest fanout non-clock nets:
      Net pixel_y[3]: 261 loads
      Net pixel_y[4]: 218 loads
      Net pixel_y[5]: 193 loads
      Net pixel_x[3]: 169 loads
      Net pixel_x[4]: 168 loads
      Net pixel_x[5]: 166 loads
      Net pixel_y[6]: 139 loads
      Net pixel_y[7]: 137 loads
      Net pixel_x[6]: 122 loads
      Net VCC_net: 122 loads




   Number of warnings:  4
   Number of errors:    0

Design Errors/Warnings
----------------------

WARNING <1026001> - map:
     Z:/ES4/final_proj_git/RetroRhythm/VGA_Controller/pins.pdc (12) : No port
     matched 'start_pressed'.
WARNING <1027013> - map: No port matched 'start_pressed'.
WARNING <1014301> - map: Can't resolve object 'start_pressed' in constraint
     'ldc_set_location -site {18} [get_ports start_pressed]'.

                                    Page 2





Design Errors/Warnings (cont)
-----------------------------
WARNING <1011001> - map: Remove invalid constraint 'ldc_set_location -site {18}
     [get_ports start_pressed]'.

IO (PIO) Attributes
-------------------

+---------------------+-----------+-----------+-------+-------+-----------+
| IO Name             | Direction | Levelmode |  IO   |  IO   | Special   |
|                     |           |  IO_TYPE  |  REG  |  DDR  | IO Buffer |
+---------------------+-----------+-----------+-------+-------+-----------+
| data2               | INPUT     |           | I     |       |           |
+---------------------+-----------+-----------+-------+-------+-----------+
| data1               | INPUT     |           | I     |       |           |
+---------------------+-----------+-----------+-------+-------+-----------+
| ref_clk_i           | INPUT     |           |       |       |           |
+---------------------+-----------+-----------+-------+-------+-----------+
| sound               | OUTPUT    |           |       |       |           |
+---------------------+-----------+-----------+-------+-------+-----------+
| latch               | OUTPUT    |           |       |       |           |
+---------------------+-----------+-----------+-------+-------+-----------+
| nesClk              | OUTPUT    |           |       |       |           |
+---------------------+-----------+-----------+-------+-------+-----------+
| pll                 | OUTPUT    |           |       |       |           |
+---------------------+-----------+-----------+-------+-------+-----------+
| VSYNC               | OUTPUT    |           | O     |       |           |
+---------------------+-----------+-----------+-------+-------+-----------+
| HSYNC               | OUTPUT    |           | O     |       |           |
+---------------------+-----------+-----------+-------+-------+-----------+
| rgb[0]              | OUTPUT    |           |       |       |           |
+---------------------+-----------+-----------+-------+-------+-----------+
| rgb[1]              | OUTPUT    |           |       |       |           |
+---------------------+-----------+-----------+-------+-------+-----------+
| rgb[2]              | OUTPUT    |           |       |       |           |
+---------------------+-----------+-----------+-------+-------+-----------+
| rgb[3]              | OUTPUT    |           |       |       |           |
+---------------------+-----------+-----------+-------+-------+-----------+
| rgb[4]              | OUTPUT    |           |       |       |           |
+---------------------+-----------+-----------+-------+-------+-----------+
| rgb[5]              | OUTPUT    |           |       |       |           |
+---------------------+-----------+-----------+-------+-------+-----------+

Removed logic
-------------

Block i1 was optimized away.

PLL/DLL Summary
---------------

PLL 1:                                 Pin/Node Value
  PLL Instance Name:                            pll_inst/lscc_pll_inst/u_PLL_B
  Input Reference Clock:               PIN      ref_clk_i_c
  Output Clock(CoreA):                 PIN      pll_c
  Output Clock(GlobalA):               NODE     outglobal_o
  Output Clock(CoreB):                          NONE
  Output Clock(GlobalB):                        NONE
  Feedback input:                      NODE

                                    Page 3





PLL/DLL Summary (cont)
----------------------
       pll_inst.lscc_pll_inst.feedback_w
  Internal Feedback output:            NODE
       pll_inst.lscc_pll_inst.feedback_w
  BYPASS signal:                                GND
  LATCH signal:                                 GND
  Lock Signal:                                  NONE
  Input Clock Frequency (MHz):                  NA
  Reference Divider:                            0
  Feedback Divider:                             66
  VCO Divider:                                  5
  ENABLE_ICEGATE_PORTA:                         0
  ENABLE_ICEGATE_PORTB:                         0
  PLLOUT_SELECT_PORTA:                          GENCLK
  PLLOUT_SELECT_PORTB:                          GENCLK
  SHIFTREG_DIV_MODE:                            0
  DELAY_ADJUSTMENT_MODE_RELATIVE:               FIXED
  FDA_RELATIVE:                                 0
  FEEDBACK_PATH:                                SIMPLE
  DELAY_ADJUSTMENT_MODE_FEEDBACK:               FIXED
  FDA_FEEDBACK:                                 0
  FILTER_RANGE:                                 1
  EXTERNAL_DIVIDE_FACTOR:                       NONE
  TEST Mode:                                    0

ASIC Components
---------------

Instance Name: pattern_inst/myscore/score_disp_inst/mapped_xpos_2__I_0_3
         Type: EBR
Instance Name: pattern_inst/myscore/player_disp_inst/mapped_xpos_2__I_0_2
         Type: EBR
Instance Name: pattern_inst/myscore/num9_disp_inst/mapped_xpos_2__I_0
         Type: EBR
Instance Name: pattern_inst/myscore/num8_disp_inst/mapped_xpos_2__I_0_11
         Type: EBR
Instance Name: pattern_inst/myscore/num6_disp_inst/mapped_xpos_2__I_0_10
         Type: EBR
Instance Name: pattern_inst/myscore/num5_disp_inst/mapped_xpos_2__I_0_9
         Type: EBR
Instance Name: pattern_inst/myscore/num4_disp_inst/mapped_xpos_2__I_0_8
         Type: EBR
Instance Name: pattern_inst/myscore/num3_disp_inst/mapped_xpos_2__I_0_7
         Type: EBR
Instance Name: pattern_inst/myscore/num2_disp_inst/mapped_xpos_2__I_0_6
         Type: EBR
Instance Name: pattern_inst/myscore/num1_disp_inst/mapped_xpos_2__I_0_5
         Type: EBR
Instance Name: pattern_inst/myscore/num0_disp_inst/mapped_xpos_2__I_0_4
         Type: EBR
Instance Name: vga_inst/VSYNC_c_I_0
         Type: IOLOGIC
Instance Name: vga_inst/HSYNC_c_I_0
         Type: IOLOGIC
Instance Name: pll_inst/lscc_pll_inst/u_PLL_B
         Type: PLL
Instance Name: NESControllers/data2_c_I_0
         Type: IOLOGIC

                                    Page 4





ASIC Components (cont)
----------------------
Instance Name: NESControllers/data1_c_I_0
         Type: IOLOGIC

Constraint Summary
------------------

   Total number of constraints: 18
   Total number of constraints dropped: 1

Run Time and Memory Usage
-------------------------

   Total CPU Time: 1 secs
   Total REAL Time: 2 secs
   Peak Memory Usage: 108 MB











































                                    Page 5


Copyright (c) 1991-1994 by NeoCAD Inc. All rights reserved.
Copyright (c) 1995
     AT&T Corp.   All rights reserved.
Copyright (c) 1995-2001 Lucent
     Technologies Inc.  All rights reserved.
Copyright (c) 2001 Agere Systems
     All rights reserved.
Copyright (c) 2002-2023 Lattice Semiconductor
     Corporation,  All rights reserved.
